/fannie/reports/OpenRings/report.php: Mon, 21 Jan 2013 13:18:36 -0500: SELECT year(tdate),month(tdate),day(tdate),
			  SUM(CASE WHEN trans_type='D' THEN total ELSE 0 END) as total,
			  SUM(CASE WHEN trans_type='D' THEN abs(quantity) ELSE 0 END) as qty,
			  SUM(CASE WHEN trans_type='D' THEN 1.0 ELSE 0.0 END) /
			  SUM(CASE WHEN trans_type IN ('I','D') THEN 1.0 ELSE 0.0 END) as percentage
			  FROM dlog as t 
			  LEFT JOIN MasterSuperDepts AS s ON t.department = s.dept_ID
			  WHERE s.superID = 3 AND trans_type IN ('I','D')
			  AND tdate >= ' 00:00:00' AND tdate <= ' 23:59:59' 
			  GROUP BY year(tdate),month(tdate),day(tdate)
			  ORDER BY year(tdate),month(tdate),day(tdate)
/fannie/reports/OpenRings/report.php: Mon, 21 Jan 2013 13:18:48 -0500: SELECT year(tdate),month(tdate),day(tdate),
			  SUM(CASE WHEN trans_type='D' THEN total ELSE 0 END) as total,
			  SUM(CASE WHEN trans_type='D' THEN abs(quantity) ELSE 0 END) as qty,
			  SUM(CASE WHEN trans_type='D' THEN 1.0 ELSE 0.0 END) /
			  SUM(CASE WHEN trans_type IN ('I','D') THEN 1.0 ELSE 0.0 END) as percentage
			  FROM dlog as t 
			  LEFT JOIN MasterSuperDepts AS s ON t.department = s.dept_ID
			  WHERE s.superID <> 0 AND trans_type IN ('I','D')
			  AND tdate >= ' 00:00:00' AND tdate <= ' 23:59:59' 
			  GROUP BY year(tdate),month(tdate),day(tdate)
			  ORDER BY year(tdate),month(tdate),day(tdate)
/fannie/reports/CustomerCount/index.php: Tue, 22 Jan 2013 16:36:36 -0500: SELECT year(tdate) as year, month(tdate) as month,
			day(tdate) as day,max(memType) as memType,trans_num
			FROM core_trans.dlog_15 as t
			WHERE 
			tDate BETWEEN '2013-01-14 00:00:00' AND '2013-01-20 23:59:59'
			and trans_type in ('I','D')
			AND upc <> 'RRR'
			group by year(tdate),month(tdate),day(tdate),trans_num
			order by year(tdate),month(tdate),day(tdate),max(memType)
/fannie/reports/CustomerCount/index.php: Tue, 22 Jan 2013 16:36:43 -0500: SELECT year(tdate) as year, month(tdate) as month,
			day(tdate) as day,max(memType) as memType,trans_num
			FROM core_trans.dlog_15 as t
			WHERE 
			tDate BETWEEN '2013-01-09 00:00:00' AND '2013-01-20 23:59:59'
			and trans_type in ('I','D')
			AND upc <> 'RRR'
			group by year(tdate),month(tdate),day(tdate),trans_num
			order by year(tdate),month(tdate),day(tdate),max(memType)
